<?xml version="1.0" encoding="UTF-8"?>
<!-- Generated by org.testng.reporters.JUnitReportReporter -->
<testsuite hostname="LTCH-5CD141CTDF" failures="0" tests="1" name="testCases.TC_001_Login_test" time="3.369" errors="0" timestamp="2024-01-30T11:33:15 IST" skipped="0">
  <testcase classname="testCases.TC_001_Login_test" name="test_Hrms_Login" time="3.369"/>
</testsuite> <!-- testCases.TC_001_Login_test -->
