<?xml version="1.0" encoding="UTF-8"?>
<!-- Generated by org.testng.reporters.JUnitReportReporter -->
<testsuite hostname="LTCH-5CD141CTDF" failures="0" tests="5" name="testCases.TC_003_Login_DDT" time="40.508" errors="0" timestamp="2024-01-26T16:38:20 IST" skipped="0">
  <testcase classname="testCases.TC_003_Login_DDT" name="test_loginDDT" time="10.587"/>
  <testcase classname="testCases.TC_003_Login_DDT" name="test_loginDDT" time="4.275"/>
  <testcase classname="testCases.TC_003_Login_DDT" name="test_loginDDT" time="11.923"/>
  <testcase classname="testCases.TC_003_Login_DDT" name="test_loginDDT" time="2.531"/>
  <testcase classname="testCases.TC_003_Login_DDT" name="test_loginDDT" time="11.192"/>
</testsuite> <!-- testCases.TC_003_Login_DDT -->
