<?xml version="1.0" encoding="UTF-8"?>
<!-- Generated by org.testng.reporters.JUnitReportReporter -->
<testsuite hostname="LTCH-5CD141CTDF" failures="0" tests="1" name="testCases.TC_002_CreateEMP_Test" time="32.283" errors="0" timestamp="2024-01-30T11:33:15 IST" skipped="0">
  <testcase classname="testCases.TC_002_CreateEMP_Test" name="test_CreateEmp" time="32.283"/>
</testsuite> <!-- testCases.TC_002_CreateEMP_Test -->
